  GraphMatrix.cpp
  Game.cpp
C:\Dev\NxN\NxN\Src\Game.cpp(33,49): warning C4244: 'argument': conversion from 'float' to 'unsigned int', possible loss of data
C:\Dev\NxN\NxN\Src\Game.cpp(33,42): warning C4244: 'argument': conversion from 'float' to 'unsigned int', possible loss of data
  Source.cpp
  State.cpp
C:\Dev\NxN\NxN\Src\State.cpp(78,34): warning C4305: 'argument': truncation from 'double' to 'float'
C:\Dev\NxN\NxN\Src\State.cpp(95,56): warning C4244: 'argument': conversion from 'double' to 'T', possible loss of data
          with
          [
              T=float
          ]
C:\Dev\NxN\NxN\Src\State.cpp(107,71): warning C4244: 'argument': conversion from 'double' to 'T', possible loss of data
          with
          [
              T=float
          ]
C:\Dev\NxN\NxN\Src\State.cpp(110,70): warning C4244: 'argument': conversion from 'double' to 'T', possible loss of data
          with
          [
              T=float
          ]
C:\Dev\NxN\NxN\Src\State.cpp(114,71): warning C4244: 'argument': conversion from 'double' to 'T', possible loss of data
          with
          [
              T=float
          ]
C:\Dev\NxN\NxN\Src\State.cpp(116,56): warning C4244: 'argument': conversion from 'double' to 'T', possible loss of data
          with
          [
              T=float
          ]
C:\Dev\NxN\NxN\Src\State.cpp(117,68): warning C4244: 'argument': conversion from 'double' to 'T', possible loss of data
          with
          [
              T=float
          ]
C:\Dev\NxN\NxN\Src\State.cpp(120,70): warning C4244: 'argument': conversion from 'double' to 'T', possible loss of data
          with
          [
              T=float
          ]
C:\Dev\NxN\NxN\Src\State.cpp(197,23): warning C4018: '<': signed/unsigned mismatch
C:\Dev\NxN\NxN\Src\State.cpp(224,22): warning C4018: '<': signed/unsigned mismatch
  Generating Code...
  NxN.vcxproj -> C:\Dev\NxN\bin\Win32\Debug\NxN.exe
